<?xml version="1.0" encoding="UTF-8"?>
<!-- Generated by org.testng.reporters.JUnitXMLReporter -->
<testsuite ignored="0" hostname="VAGI-PC" failures="0" tests="8" name="demo" time="0.025" errors="0" timestamp="2021-07-19T13:15:57 IST">
  <testcase classname="TestNGpractice.demo2" name="simple1" time="0.001"/>
  <testcase classname="TestNGpractice.demo2" name="simple2" time="0.002"/>
  <testcase classname="TestNGpractice.demo2" name="simple3" time="0.002"/>
  <testcase classname="TestNGpractice.demo2" name="simple4" time="0.001"/>
  <testcase classname="TestNGpractice.demo3" name="test1" time="0.001"/>
  <testcase classname="TestNGpractice.demo3" name="test2" time="0.001"/>
  <testcase classname="TestNGpractice.demo3" name="test3" time="0.003"/>
  <testcase classname="TestNGpractice.demo3" name="test4" time="0.001"/>
</testsuite> <!-- demo -->
