<?xml version="1.0" encoding="UTF-8"?>
<!-- Generated by org.testng.reporters.JUnitXMLReporter -->
<testsuite ignored="15" hostname="VAGI-PC" failures="0" tests="1" name="TestTutorial" time="0.043" errors="0" timestamp="2021-07-19T21:53:34 IST">
  <testcase classname="TestNGpractice.demo4" name="Beforemethod4" time="0.005"/>
  <testcase classname="TestNGpractice.demo4" name="Beforemethod" time="0.0">
    <ignored/>
  </testcase> <!-- Beforemethod -->
  <testcase classname="TestNGpractice.demo3" name="test3" time="0.0">
    <ignored/>
  </testcase> <!-- test3 -->
  <testcase classname="TestNGpractice.demo3" name="test4" time="0.0">
    <ignored/>
  </testcase> <!-- test4 -->
  <testcase classname="TestNGpractice.demo3" name="test1" time="0.0">
    <ignored/>
  </testcase> <!-- test1 -->
  <testcase classname="TestNGpractice.demo4" name="Beforemethod7" time="0.0">
    <ignored/>
  </testcase> <!-- Beforemethod7 -->
  <testcase classname="TestNGpractice.demo4" name="Beforemethod6" time="0.0">
    <ignored/>
  </testcase> <!-- Beforemethod6 -->
  <testcase classname="TestNGpractice.demo4" name="Beforemethod3" time="0.0">
    <ignored/>
  </testcase> <!-- Beforemethod3 -->
  <testcase classname="TestNGpractice.demo4" name="Beforemethod5" time="0.0">
    <ignored/>
  </testcase> <!-- Beforemethod5 -->
  <testcase classname="TestNGpractice.demo4" name="Beforemethod2" time="0.0">
    <ignored/>
  </testcase> <!-- Beforemethod2 -->
  <testcase classname="TestNGpractice.demo4" name="Beforemethod1" time="0.0">
    <ignored/>
  </testcase> <!-- Beforemethod1 -->
  <testcase classname="TestNGpractice.TestNGAnnotations" name="testCase1" time="0.0">
    <ignored/>
  </testcase> <!-- testCase1 -->
  <testcase classname="TestNGpractice.Testngdemo" name="demo1" time="0.0">
    <ignored/>
  </testcase> <!-- demo1 -->
  <testcase classname="TestNGpractice.demo2" name="simple2" time="0.0">
    <ignored/>
  </testcase> <!-- simple2 -->
  <testcase classname="TestNGpractice.demo2" name="simple4" time="0.0">
    <ignored/>
  </testcase> <!-- simple4 -->
  <testcase classname="TestNGpractice.demo2" name="simple3" time="0.0">
    <ignored/>
  </testcase> <!-- simple3 -->
</testsuite> <!-- TestTutorial -->
